<?xml version="1.0" encoding="UTF-8"?>
<!-- Generated by org.testng.reporters.JUnitReportReporter -->
<testsuite hostname="YUL119014N06" name="ShotGun.Test_Sign_In_Pass" tests="1" failures="0" timestamp="2 Oct 2015 04:46:07 GMT" time="2.348" errors="0">
  <testcase name="SignIn" time="2.348" classname="ShotGun.Test_Sign_In_Pass"/>
</testsuite> <!-- ShotGun.Test_Sign_In_Pass -->
